<?xml version="1.0" encoding="UTF-8"?>
<!-- Generated by org.testng.reporters.JUnitReportReporter -->
<testsuite hostname="QT-INBG-LT1951" failures="0" tests="5" name="Signin" time="6.520" errors="0" timestamp="2022-09-15T15:33:43 IST" skipped="0">
  <testcase classname="Signin" name="launchBrowser" time="3.784"/>
  <system-out/>
  <testcase classname="Signin" name="clickonsigninbutton" time="0.276"/>
  <system-out/>
  <testcase classname="Signin" name="enterUserName" time="0.089"/>
  <system-out/>
  <testcase classname="Signin" name="enterPassword" time="0.071"/>
  <system-out/>
  <testcase classname="Signin" name="clickOnLogin" time="2.300"/>
  <system-out/>
</testsuite> <!-- Signin -->
