<?xml version="1.0" encoding="UTF-8"?>
<!-- Generated by org.testng.reporters.JUnitReportReporter -->
<testsuite hostname="QT-INBG-LT1951" failures="0" tests="5" name="Signin" time="7.410" errors="0" timestamp="2022-09-16T16:24:33 IST" skipped="0">
  <testcase classname="Signin" name="launchBrowser" time="2.824"/>
  <system-out/>
  <testcase classname="Signin" name="clickonsigninbutton" time="1.224"/>
  <system-out/>
  <testcase classname="Signin" name="enterUserName" time="1.086"/>
  <system-out/>
  <testcase classname="Signin" name="enterPassword" time="1.065"/>
  <system-out/>
  <testcase classname="Signin" name="clickOnLogin" time="1.211"/>
  <system-out/>
</testsuite> <!-- Signin -->
