<?xml version="1.0" encoding="UTF-8"?>
<!-- Generated by org.testng.reporters.JUnitReportReporter -->
<testsuite hostname="QT-INBG-LT1951" failures="0" tests="7" name="AllMobiles" time="5.023" errors="0" timestamp="2022-09-16T10:20:17 IST" skipped="0">
  <testcase classname="AllMobiles" name="launchBrowser" time="3.674"/>
  <system-out/>
  <testcase classname="AllMobiles" name="allMobiles" time="0.467"/>
  <system-out/>
  <testcase classname="AllMobiles" name="searchLenovo" time="0.224"/>
  <system-out/>
  <testcase classname="AllMobiles" name="searchSamsung" time="0.194"/>
  <system-out/>
  <testcase classname="AllMobiles" name="wrongApple" time="0.145"/>
  <system-out/>
  <testcase classname="AllMobiles" name="twoCharacter" time="0.137"/>
  <system-out/>
  <testcase classname="AllMobiles" name="order" time="0.182"/>
  <system-out/>
</testsuite> <!-- AllMobiles -->
