<?xml version="1.0" encoding="UTF-8"?>
<!-- Generated by org.testng.reporters.JUnitReportReporter -->
<testsuite hostname="QT-INBG-LT1951" failures="0" tests="11" name="Signup" time="7.625" errors="0" timestamp="2022-09-15T15:38:10 IST" skipped="0">
  <testcase classname="Signup" name="launchBrowser" time="3.694"/>
  <system-out/>
  <testcase classname="Signup" name="clickOnSignUp" time="0.710"/>
  <system-out/>
  <testcase classname="Signup" name="enterFirstName" time="0.148"/>
  <system-out/>
  <testcase classname="Signup" name="enterLastName" time="0.083"/>
  <system-out/>
  <testcase classname="Signup" name="enterMail" time="0.170"/>
  <system-out/>
  <testcase classname="Signup" name="enterPassword" time="0.081"/>
  <system-out/>
  <testcase classname="Signup" name="enterDOB" time="0.082"/>
  <system-out/>
  <testcase classname="Signup" name="selectGender" time="0.072"/>
  <system-out/>
  <testcase classname="Signup" name="enterPhoneNumber" time="0.082"/>
  <system-out/>
  <testcase classname="Signup" name="clickOnRegister" time="2.179"/>
  <system-out/>
  <testcase classname="Signup" name="clickOnSignIn" time="0.324"/>
  <system-out/>
</testsuite> <!-- Signup -->
