<?xml version="1.0" encoding="UTF-8"?>
<!-- Generated by org.testng.reporters.JUnitReportReporter -->
<testsuite hostname="QT-INBG-LT1951" failures="0" tests="7" name="AllMobiles" time="5.098" errors="0" timestamp="2022-09-15T15:33:01 IST" skipped="0">
  <testcase classname="AllMobiles" name="launchBrowser" time="3.926"/>
  <system-out/>
  <testcase classname="AllMobiles" name="allMobiles" time="0.470"/>
  <system-out/>
  <testcase classname="AllMobiles" name="searchLenovo" time="0.170"/>
  <system-out/>
  <testcase classname="AllMobiles" name="searchSamsung" time="0.133"/>
  <system-out/>
  <testcase classname="AllMobiles" name="wrongApple" time="0.102"/>
  <system-out/>
  <testcase classname="AllMobiles" name="twoCharacter" time="0.131"/>
  <system-out/>
  <testcase classname="AllMobiles" name="order" time="0.166"/>
  <system-out/>
</testsuite> <!-- AllMobiles -->
