<?xml version="1.0" encoding="UTF-8"?>
<!-- Generated by org.testng.reporters.JUnitReportReporter -->
<testsuite hostname="QT-INBG-LT1951" failures="0" tests="11" name="Signup" time="23.442" errors="0" timestamp="2022-09-16T16:50:44 IST" skipped="0">
  <testcase classname="Signup" name="launchBrowser" time="3.586"/>
  <system-out/>
  <testcase classname="Signup" name="clickOnSignUp" time="2.650"/>
  <system-out/>
  <testcase classname="Signup" name="enterFirstName" time="2.115"/>
  <system-out/>
  <testcase classname="Signup" name="enterLastName" time="2.088"/>
  <system-out/>
  <testcase classname="Signup" name="enterMail" time="2.090"/>
  <system-out/>
  <testcase classname="Signup" name="enterPassword" time="2.100"/>
  <system-out/>
  <testcase classname="Signup" name="enterDOB" time="2.104"/>
  <system-out/>
  <testcase classname="Signup" name="selectGender" time="2.068"/>
  <system-out/>
  <testcase classname="Signup" name="enterPhoneNumber" time="2.084"/>
  <system-out/>
  <testcase classname="Signup" name="clickOnRegister" time="2.213"/>
  <system-out/>
  <testcase classname="Signup" name="clickOnSignIn" time="0.344"/>
  <system-out/>
</testsuite> <!-- Signup -->
