<?xml version="1.0" encoding="UTF-8"?>
<!-- Generated by org.testng.reporters.JUnitReportReporter -->
<testsuite hostname="QT-INBG-LT1951" failures="0" tests="7" name="AllMobiles" time="24.651" errors="0" timestamp="2022-09-16T16:24:33 IST" skipped="0">
  <testcase classname="AllMobiles" name="launchBrowser" time="3.349"/>
  <system-out/>
  <testcase classname="AllMobiles" name="allMobiles" time="2.402"/>
  <system-out/>
  <testcase classname="AllMobiles" name="searchLenovo" time="4.152"/>
  <system-out/>
  <testcase classname="AllMobiles" name="searchSamsung" time="4.120"/>
  <system-out/>
  <testcase classname="AllMobiles" name="Apple" time="4.110"/>
  <system-out/>
  <testcase classname="AllMobiles" name="twoCharacter" time="4.119"/>
  <system-out/>
  <testcase classname="AllMobiles" name="order" time="2.399"/>
  <system-out/>
</testsuite> <!-- AllMobiles -->
